Arguments: 
  /usr/local/bin/node /opt/homebrew/bin/yarn add hardhar -D

PATH: 
  /opt/homebrew/bin:/opt/homebrew/sbin:/usr/local/bin:/usr/bin:/bin:/usr/sbin:/sbin:/Library/Apple/usr/bin:/Users/0xsaranonearth/Library/Android/sdk/platform-tools:/opt/homebrew/bin:/opt/homebrew/sbin:/Users/0xsaranonearth/Library/Android/sdk/emulator:/Users/0xsaranonearth/Library/Android/sdk/tools:/Users/0xsaranonearth/Library/Android/sdk/tools/bin:/Users/0xsaranonearth/Library/Android/sdk/platform-tools/abd:/Users/0xsaranonearth/Library/Android/sdk/emulator:/Users/0xsaranonearth/Library/Android/sdk/tools:/Users/0xsaranonearth/Library/Android/sdk/tools/bin:/Users/0xsaranonearth/Library/Android/sdk/platform-tools:/Users/0xsaranonearth/Library/Android/sdk/platform-tools/abd

Yarn version: 
  1.22.17

Node version: 
  16.13.2

Platform: 
  darwin arm64

Trace: 
  Error: https://registry.yarnpkg.com/hardhar: Not found
      at Request.params.callback [as _callback] (/opt/homebrew/lib/node_modules/yarn/lib/cli.js:67029:18)
      at Request.self.callback (/opt/homebrew/lib/node_modules/yarn/lib/cli.js:140883:22)
      at Request.emit (node:events:390:28)
      at Request.<anonymous> (/opt/homebrew/lib/node_modules/yarn/lib/cli.js:141855:10)
      at Request.emit (node:events:390:28)
      at IncomingMessage.<anonymous> (/opt/homebrew/lib/node_modules/yarn/lib/cli.js:141777:12)
      at Object.onceWrapper (node:events:509:28)
      at IncomingMessage.emit (node:events:402:35)
      at endReadableNT (node:internal/streams/readable:1343:12)
      at processTicksAndRejections (node:internal/process/task_queues:83:21)

npm manifest: 
  {
    "name": "nftx",
    "version": "1.0.0",
    "main": "index.js",
    "license": "MIT"
  }

yarn manifest: 
  No manifest

Lockfile: 
  No lockfile
